Vivado Simulator 2018.1
Time resolution is 1 ps
Info: [XPM_MEMORY 20-1] MEMORY_PRIMITIVE (0) instructs Vivado Synthesis to choose the memory primitive type. Depending on their values, other XPM_MEMORY parameters may preclude the choice of certain memory primitive types. Review XPM_MEMORY documentation and parameter values to understand any limitations, or set MEMORY_PRIMITIVE to a different value. system_tb.PIC_inst.xpm_memory_sdpram_inst.xpm_memory_base_inst.config_drc
Time: 1 ps  Iteration: 0  Process: /system_tb/PIC_inst/xpm_memory_sdpram_inst/xpm_memory_base_inst/Initial270_12  File: /wrk/2018.1/nightly/2018_04_04_2188600/packages/customer/vivado/data/ip/xpm/xpm_memory/hdl/xpm_memory.sv
Info: [XPM_MEMORY 20-2] MEMORY_INIT_FILE (none), MEMORY_INIT_PARAM together specify no memory initialization. Initial memory contents will be all 0's. system_tb.PIC_inst.xpm_memory_sdpram_inst.xpm_memory_base_inst.config_drc 48
Time: 1 ps  Iteration: 0  Process: /system_tb/PIC_inst/xpm_memory_sdpram_inst/xpm_memory_base_inst/Initial270_12  File: /wrk/2018.1/nightly/2018_04_04_2188600/packages/customer/vivado/data/ip/xpm/xpm_memory/hdl/xpm_memory.sv
Info: [XPM_MEMORY 20-1] MEMORY_PRIMITIVE (0) instructs Vivado Synthesis to choose the memory primitive type. Depending on their values, other XPM_MEMORY parameters may preclude the choice of certain memory primitive types. Review XPM_MEMORY documentation and parameter values to understand any limitations, or set MEMORY_PRIMITIVE to a different value. system_tb.PIC_inst.generate_engines[0].ENGINE_inst.xpm_memory_tdpram_inst.xpm_memory_base_inst.config_drc
Time: 1 ps  Iteration: 0  Process: /system_tb/PIC_inst/generate_engines[0].ENGINE_inst/xpm_memory_tdpram_inst/xpm_memory_base_inst/Initial270_20  File: /wrk/2018.1/nightly/2018_04_04_2188600/packages/customer/vivado/data/ip/xpm/xpm_memory/hdl/xpm_memory.sv
Info: [XPM_MEMORY 20-2] MEMORY_INIT_FILE (none), MEMORY_INIT_PARAM together specify no memory initialization. Initial memory contents will be all 0's. system_tb.PIC_inst.generate_engines[0].ENGINE_inst.xpm_memory_tdpram_inst.xpm_memory_base_inst.config_drc  0
Time: 1 ps  Iteration: 0  Process: /system_tb/PIC_inst/generate_engines[0].ENGINE_inst/xpm_memory_tdpram_inst/xpm_memory_base_inst/Initial270_20  File: /wrk/2018.1/nightly/2018_04_04_2188600/packages/customer/vivado/data/ip/xpm/xpm_memory/hdl/xpm_memory.sv
Info: [XPM_MEMORY 20-1] MEMORY_PRIMITIVE (0) instructs Vivado Synthesis to choose the memory primitive type. Depending on their values, other XPM_MEMORY parameters may preclude the choice of certain memory primitive types. Review XPM_MEMORY documentation and parameter values to understand any limitations, or set MEMORY_PRIMITIVE to a different value. system_tb.PIC_inst.generate_engines[1].ENGINE_inst.xpm_memory_tdpram_inst.xpm_memory_base_inst.config_drc
Time: 1 ps  Iteration: 0  Process: /system_tb/PIC_inst/generate_engines[1].ENGINE_inst/xpm_memory_tdpram_inst/xpm_memory_base_inst/Initial270_20  File: /wrk/2018.1/nightly/2018_04_04_2188600/packages/customer/vivado/data/ip/xpm/xpm_memory/hdl/xpm_memory.sv
Info: [XPM_MEMORY 20-2] MEMORY_INIT_FILE (none), MEMORY_INIT_PARAM together specify no memory initialization. Initial memory contents will be all 0's. system_tb.PIC_inst.generate_engines[1].ENGINE_inst.xpm_memory_tdpram_inst.xpm_memory_base_inst.config_drc  0
Time: 1 ps  Iteration: 0  Process: /system_tb/PIC_inst/generate_engines[1].ENGINE_inst/xpm_memory_tdpram_inst/xpm_memory_base_inst/Initial270_20  File: /wrk/2018.1/nightly/2018_04_04_2188600/packages/customer/vivado/data/ip/xpm/xpm_memory/hdl/xpm_memory.sv
Info: [XPM_MEMORY 20-1] MEMORY_PRIMITIVE (0) instructs Vivado Synthesis to choose the memory primitive type. Depending on their values, other XPM_MEMORY parameters may preclude the choice of certain memory primitive types. Review XPM_MEMORY documentation and parameter values to understand any limitations, or set MEMORY_PRIMITIVE to a different value. system_tb.PIC_inst.generate_engines[2].ENGINE_inst.xpm_memory_tdpram_inst.xpm_memory_base_inst.config_drc
Time: 1 ps  Iteration: 0  Process: /system_tb/PIC_inst/generate_engines[2].ENGINE_inst/xpm_memory_tdpram_inst/xpm_memory_base_inst/Initial270_20  File: /wrk/2018.1/nightly/2018_04_04_2188600/packages/customer/vivado/data/ip/xpm/xpm_memory/hdl/xpm_memory.sv
Info: [XPM_MEMORY 20-2] MEMORY_INIT_FILE (none), MEMORY_INIT_PARAM together specify no memory initialization. Initial memory contents will be all 0's. system_tb.PIC_inst.generate_engines[2].ENGINE_inst.xpm_memory_tdpram_inst.xpm_memory_base_inst.config_drc  0
Time: 1 ps  Iteration: 0  Process: /system_tb/PIC_inst/generate_engines[2].ENGINE_inst/xpm_memory_tdpram_inst/xpm_memory_base_inst/Initial270_20  File: /wrk/2018.1/nightly/2018_04_04_2188600/packages/customer/vivado/data/ip/xpm/xpm_memory/hdl/xpm_memory.sv
Info: [XPM_MEMORY 20-1] MEMORY_PRIMITIVE (0) instructs Vivado Synthesis to choose the memory primitive type. Depending on their values, other XPM_MEMORY parameters may preclude the choice of certain memory primitive types. Review XPM_MEMORY documentation and parameter values to understand any limitations, or set MEMORY_PRIMITIVE to a different value. system_tb.PIC_inst.generate_engines[3].ENGINE_inst.xpm_memory_tdpram_inst.xpm_memory_base_inst.config_drc
Time: 1 ps  Iteration: 0  Process: /system_tb/PIC_inst/generate_engines[3].ENGINE_inst/xpm_memory_tdpram_inst/xpm_memory_base_inst/Initial270_20  File: /wrk/2018.1/nightly/2018_04_04_2188600/packages/customer/vivado/data/ip/xpm/xpm_memory/hdl/xpm_memory.sv
Info: [XPM_MEMORY 20-2] MEMORY_INIT_FILE (none), MEMORY_INIT_PARAM together specify no memory initialization. Initial memory contents will be all 0's. system_tb.PIC_inst.generate_engines[3].ENGINE_inst.xpm_memory_tdpram_inst.xpm_memory_base_inst.config_drc  0
Time: 1 ps  Iteration: 0  Process: /system_tb/PIC_inst/generate_engines[3].ENGINE_inst/xpm_memory_tdpram_inst/xpm_memory_base_inst/Initial270_20  File: /wrk/2018.1/nightly/2018_04_04_2188600/packages/customer/vivado/data/ip/xpm/xpm_memory/hdl/xpm_memory.sv
Info: [XPM_MEMORY 20-1] MEMORY_PRIMITIVE (0) instructs Vivado Synthesis to choose the memory primitive type. Depending on their values, other XPM_MEMORY parameters may preclude the choice of certain memory primitive types. Review XPM_MEMORY documentation and parameter values to understand any limitations, or set MEMORY_PRIMITIVE to a different value. system_tb.PIC_inst.generate_engines[4].ENGINE_inst.xpm_memory_tdpram_inst.xpm_memory_base_inst.config_drc
Time: 1 ps  Iteration: 0  Process: /system_tb/PIC_inst/generate_engines[4].ENGINE_inst/xpm_memory_tdpram_inst/xpm_memory_base_inst/Initial270_20  File: /wrk/2018.1/nightly/2018_04_04_2188600/packages/customer/vivado/data/ip/xpm/xpm_memory/hdl/xpm_memory.sv
Info: [XPM_MEMORY 20-2] MEMORY_INIT_FILE (none), MEMORY_INIT_PARAM together specify no memory initialization. Initial memory contents will be all 0's. system_tb.PIC_inst.generate_engines[4].ENGINE_inst.xpm_memory_tdpram_inst.xpm_memory_base_inst.config_drc  0
Time: 1 ps  Iteration: 0  Process: /system_tb/PIC_inst/generate_engines[4].ENGINE_inst/xpm_memory_tdpram_inst/xpm_memory_base_inst/Initial270_20  File: /wrk/2018.1/nightly/2018_04_04_2188600/packages/customer/vivado/data/ip/xpm/xpm_memory/hdl/xpm_memory.sv
Info: [XPM_MEMORY 20-1] MEMORY_PRIMITIVE (0) instructs Vivado Synthesis to choose the memory primitive type. Depending on their values, other XPM_MEMORY parameters may preclude the choice of certain memory primitive types. Review XPM_MEMORY documentation and parameter values to understand any limitations, or set MEMORY_PRIMITIVE to a different value. system_tb.PIC_inst.generate_engines[5].ENGINE_inst.xpm_memory_tdpram_inst.xpm_memory_base_inst.config_drc
Time: 1 ps  Iteration: 0  Process: /system_tb/PIC_inst/generate_engines[5].ENGINE_inst/xpm_memory_tdpram_inst/xpm_memory_base_inst/Initial270_20  File: /wrk/2018.1/nightly/2018_04_04_2188600/packages/customer/vivado/data/ip/xpm/xpm_memory/hdl/xpm_memory.sv
Info: [XPM_MEMORY 20-2] MEMORY_INIT_FILE (none), MEMORY_INIT_PARAM together specify no memory initialization. Initial memory contents will be all 0's. system_tb.PIC_inst.generate_engines[5].ENGINE_inst.xpm_memory_tdpram_inst.xpm_memory_base_inst.config_drc  0
Time: 1 ps  Iteration: 0  Process: /system_tb/PIC_inst/generate_engines[5].ENGINE_inst/xpm_memory_tdpram_inst/xpm_memory_base_inst/Initial270_20  File: /wrk/2018.1/nightly/2018_04_04_2188600/packages/customer/vivado/data/ip/xpm/xpm_memory/hdl/xpm_memory.sv
Info: [XPM_MEMORY 20-1] MEMORY_PRIMITIVE (0) instructs Vivado Synthesis to choose the memory primitive type. Depending on their values, other XPM_MEMORY parameters may preclude the choice of certain memory primitive types. Review XPM_MEMORY documentation and parameter values to understand any limitations, or set MEMORY_PRIMITIVE to a different value. system_tb.PIC_inst.generate_engines[6].ENGINE_inst.xpm_memory_tdpram_inst.xpm_memory_base_inst.config_drc
Time: 1 ps  Iteration: 0  Process: /system_tb/PIC_inst/generate_engines[6].ENGINE_inst/xpm_memory_tdpram_inst/xpm_memory_base_inst/Initial270_20  File: /wrk/2018.1/nightly/2018_04_04_2188600/packages/customer/vivado/data/ip/xpm/xpm_memory/hdl/xpm_memory.sv
Info: [XPM_MEMORY 20-2] MEMORY_INIT_FILE (none), MEMORY_INIT_PARAM together specify no memory initialization. Initial memory contents will be all 0's. system_tb.PIC_inst.generate_engines[6].ENGINE_inst.xpm_memory_tdpram_inst.xpm_memory_base_inst.config_drc  0
Time: 1 ps  Iteration: 0  Process: /system_tb/PIC_inst/generate_engines[6].ENGINE_inst/xpm_memory_tdpram_inst/xpm_memory_base_inst/Initial270_20  File: /wrk/2018.1/nightly/2018_04_04_2188600/packages/customer/vivado/data/ip/xpm/xpm_memory/hdl/xpm_memory.sv
Info: [XPM_MEMORY 20-1] MEMORY_PRIMITIVE (0) instructs Vivado Synthesis to choose the memory primitive type. Depending on their values, other XPM_MEMORY parameters may preclude the choice of certain memory primitive types. Review XPM_MEMORY documentation and parameter values to understand any limitations, or set MEMORY_PRIMITIVE to a different value. system_tb.PIC_inst.generate_engines[7].ENGINE_inst.xpm_memory_tdpram_inst.xpm_memory_base_inst.config_drc
Time: 1 ps  Iteration: 0  Process: /system_tb/PIC_inst/generate_engines[7].ENGINE_inst/xpm_memory_tdpram_inst/xpm_memory_base_inst/Initial270_20  File: /wrk/2018.1/nightly/2018_04_04_2188600/packages/customer/vivado/data/ip/xpm/xpm_memory/hdl/xpm_memory.sv
Info: [XPM_MEMORY 20-2] MEMORY_INIT_FILE (none), MEMORY_INIT_PARAM together specify no memory initialization. Initial memory contents will be all 0's. system_tb.PIC_inst.generate_engines[7].ENGINE_inst.xpm_memory_tdpram_inst.xpm_memory_base_inst.config_drc  0
Time: 1 ps  Iteration: 0  Process: /system_tb/PIC_inst/generate_engines[7].ENGINE_inst/xpm_memory_tdpram_inst/xpm_memory_base_inst/Initial270_20  File: /wrk/2018.1/nightly/2018_04_04_2188600/packages/customer/vivado/data/ip/xpm/xpm_memory/hdl/xpm_memory.sv
Info: [XPM_MEMORY 20-1] MEMORY_PRIMITIVE (0) instructs Vivado Synthesis to choose the memory primitive type. Depending on their values, other XPM_MEMORY parameters may preclude the choice of certain memory primitive types. Review XPM_MEMORY documentation and parameter values to understand any limitations, or set MEMORY_PRIMITIVE to a different value. system_tb.PIC_inst.generate_engines[8].ENGINE_inst.xpm_memory_tdpram_inst.xpm_memory_base_inst.config_drc
Time: 1 ps  Iteration: 0  Process: /system_tb/PIC_inst/generate_engines[8].ENGINE_inst/xpm_memory_tdpram_inst/xpm_memory_base_inst/Initial270_20  File: /wrk/2018.1/nightly/2018_04_04_2188600/packages/customer/vivado/data/ip/xpm/xpm_memory/hdl/xpm_memory.sv
Info: [XPM_MEMORY 20-2] MEMORY_INIT_FILE (none), MEMORY_INIT_PARAM together specify no memory initialization. Initial memory contents will be all 0's. system_tb.PIC_inst.generate_engines[8].ENGINE_inst.xpm_memory_tdpram_inst.xpm_memory_base_inst.config_drc  0
Time: 1 ps  Iteration: 0  Process: /system_tb/PIC_inst/generate_engines[8].ENGINE_inst/xpm_memory_tdpram_inst/xpm_memory_base_inst/Initial270_20  File: /wrk/2018.1/nightly/2018_04_04_2188600/packages/customer/vivado/data/ip/xpm/xpm_memory/hdl/xpm_memory.sv
Info: [XPM_MEMORY 20-1] MEMORY_PRIMITIVE (0) instructs Vivado Synthesis to choose the memory primitive type. Depending on their values, other XPM_MEMORY parameters may preclude the choice of certain memory primitive types. Review XPM_MEMORY documentation and parameter values to understand any limitations, or set MEMORY_PRIMITIVE to a different value. system_tb.PIC_inst.generate_engines[9].ENGINE_inst.xpm_memory_tdpram_inst.xpm_memory_base_inst.config_drc
Time: 1 ps  Iteration: 0  Process: /system_tb/PIC_inst/generate_engines[9].ENGINE_inst/xpm_memory_tdpram_inst/xpm_memory_base_inst/Initial270_20  File: /wrk/2018.1/nightly/2018_04_04_2188600/packages/customer/vivado/data/ip/xpm/xpm_memory/hdl/xpm_memory.sv
Info: [XPM_MEMORY 20-2] MEMORY_INIT_FILE (none), MEMORY_INIT_PARAM together specify no memory initialization. Initial memory contents will be all 0's. system_tb.PIC_inst.generate_engines[9].ENGINE_inst.xpm_memory_tdpram_inst.xpm_memory_base_inst.config_drc  0
Time: 1 ps  Iteration: 0  Process: /system_tb/PIC_inst/generate_engines[9].ENGINE_inst/xpm_memory_tdpram_inst/xpm_memory_base_inst/Initial270_20  File: /wrk/2018.1/nightly/2018_04_04_2188600/packages/customer/vivado/data/ip/xpm/xpm_memory/hdl/xpm_memory.sv
Info: [XPM_MEMORY 20-1] MEMORY_PRIMITIVE (0) instructs Vivado Synthesis to choose the memory primitive type. Depending on their values, other XPM_MEMORY parameters may preclude the choice of certain memory primitive types. Review XPM_MEMORY documentation and parameter values to understand any limitations, or set MEMORY_PRIMITIVE to a different value. system_tb.PIC_inst.generate_engines[10].ENGINE_inst.xpm_memory_tdpram_inst.xpm_memory_base_inst.config_drc
Time: 1 ps  Iteration: 0  Process: /system_tb/PIC_inst/generate_engines[10].ENGINE_inst/xpm_memory_tdpram_inst/xpm_memory_base_inst/Initial270_20  File: /wrk/2018.1/nightly/2018_04_04_2188600/packages/customer/vivado/data/ip/xpm/xpm_memory/hdl/xpm_memory.sv
Info: [XPM_MEMORY 20-2] MEMORY_INIT_FILE (none), MEMORY_INIT_PARAM together specify no memory initialization. Initial memory contents will be all 0's. system_tb.PIC_inst.generate_engines[10].ENGINE_inst.xpm_memory_tdpram_inst.xpm_memory_base_inst.config_drc  0
Time: 1 ps  Iteration: 0  Process: /system_tb/PIC_inst/generate_engines[10].ENGINE_inst/xpm_memory_tdpram_inst/xpm_memory_base_inst/Initial270_20  File: /wrk/2018.1/nightly/2018_04_04_2188600/packages/customer/vivado/data/ip/xpm/xpm_memory/hdl/xpm_memory.sv
Info: [XPM_MEMORY 20-1] MEMORY_PRIMITIVE (0) instructs Vivado Synthesis to choose the memory primitive type. Depending on their values, other XPM_MEMORY parameters may preclude the choice of certain memory primitive types. Review XPM_MEMORY documentation and parameter values to understand any limitations, or set MEMORY_PRIMITIVE to a different value. system_tb.PIC_inst.generate_engines[11].ENGINE_inst.xpm_memory_tdpram_inst.xpm_memory_base_inst.config_drc
Time: 1 ps  Iteration: 0  Process: /system_tb/PIC_inst/generate_engines[11].ENGINE_inst/xpm_memory_tdpram_inst/xpm_memory_base_inst/Initial270_20  File: /wrk/2018.1/nightly/2018_04_04_2188600/packages/customer/vivado/data/ip/xpm/xpm_memory/hdl/xpm_memory.sv
Info: [XPM_MEMORY 20-2] MEMORY_INIT_FILE (none), MEMORY_INIT_PARAM together specify no memory initialization. Initial memory contents will be all 0's. system_tb.PIC_inst.generate_engines[11].ENGINE_inst.xpm_memory_tdpram_inst.xpm_memory_base_inst.config_drc  0
Time: 1 ps  Iteration: 0  Process: /system_tb/PIC_inst/generate_engines[11].ENGINE_inst/xpm_memory_tdpram_inst/xpm_memory_base_inst/Initial270_20  File: /wrk/2018.1/nightly/2018_04_04_2188600/packages/customer/vivado/data/ip/xpm/xpm_memory/hdl/xpm_memory.sv
Info: [XPM_MEMORY 20-1] MEMORY_PRIMITIVE (0) instructs Vivado Synthesis to choose the memory primitive type. Depending on their values, other XPM_MEMORY parameters may preclude the choice of certain memory primitive types. Review XPM_MEMORY documentation and parameter values to understand any limitations, or set MEMORY_PRIMITIVE to a different value. system_tb.PIC_inst.generate_engines[12].ENGINE_inst.xpm_memory_tdpram_inst.xpm_memory_base_inst.config_drc
Time: 1 ps  Iteration: 0  Process: /system_tb/PIC_inst/generate_engines[12].ENGINE_inst/xpm_memory_tdpram_inst/xpm_memory_base_inst/Initial270_20  File: /wrk/2018.1/nightly/2018_04_04_2188600/packages/customer/vivado/data/ip/xpm/xpm_memory/hdl/xpm_memory.sv
Info: [XPM_MEMORY 20-2] MEMORY_INIT_FILE (none), MEMORY_INIT_PARAM together specify no memory initialization. Initial memory contents will be all 0's. system_tb.PIC_inst.generate_engines[12].ENGINE_inst.xpm_memory_tdpram_inst.xpm_memory_base_inst.config_drc  0
Time: 1 ps  Iteration: 0  Process: /system_tb/PIC_inst/generate_engines[12].ENGINE_inst/xpm_memory_tdpram_inst/xpm_memory_base_inst/Initial270_20  File: /wrk/2018.1/nightly/2018_04_04_2188600/packages/customer/vivado/data/ip/xpm/xpm_memory/hdl/xpm_memory.sv
Info: [XPM_MEMORY 20-1] MEMORY_PRIMITIVE (0) instructs Vivado Synthesis to choose the memory primitive type. Depending on their values, other XPM_MEMORY parameters may preclude the choice of certain memory primitive types. Review XPM_MEMORY documentation and parameter values to understand any limitations, or set MEMORY_PRIMITIVE to a different value. system_tb.PIC_inst.generate_engines[13].ENGINE_inst.xpm_memory_tdpram_inst.xpm_memory_base_inst.config_drc
Time: 1 ps  Iteration: 0  Process: /system_tb/PIC_inst/generate_engines[13].ENGINE_inst/xpm_memory_tdpram_inst/xpm_memory_base_inst/Initial270_20  File: /wrk/2018.1/nightly/2018_04_04_2188600/packages/customer/vivado/data/ip/xpm/xpm_memory/hdl/xpm_memory.sv
Info: [XPM_MEMORY 20-2] MEMORY_INIT_FILE (none), MEMORY_INIT_PARAM together specify no memory initialization. Initial memory contents will be all 0's. system_tb.PIC_inst.generate_engines[13].ENGINE_inst.xpm_memory_tdpram_inst.xpm_memory_base_inst.config_drc  0
Time: 1 ps  Iteration: 0  Process: /system_tb/PIC_inst/generate_engines[13].ENGINE_inst/xpm_memory_tdpram_inst/xpm_memory_base_inst/Initial270_20  File: /wrk/2018.1/nightly/2018_04_04_2188600/packages/customer/vivado/data/ip/xpm/xpm_memory/hdl/xpm_memory.sv
Info: [XPM_MEMORY 20-1] MEMORY_PRIMITIVE (0) instructs Vivado Synthesis to choose the memory primitive type. Depending on their values, other XPM_MEMORY parameters may preclude the choice of certain memory primitive types. Review XPM_MEMORY documentation and parameter values to understand any limitations, or set MEMORY_PRIMITIVE to a different value. system_tb.PIC_inst.generate_engines[14].ENGINE_inst.xpm_memory_tdpram_inst.xpm_memory_base_inst.config_drc
Time: 1 ps  Iteration: 0  Process: /system_tb/PIC_inst/generate_engines[14].ENGINE_inst/xpm_memory_tdpram_inst/xpm_memory_base_inst/Initial270_20  File: /wrk/2018.1/nightly/2018_04_04_2188600/packages/customer/vivado/data/ip/xpm/xpm_memory/hdl/xpm_memory.sv
Info: [XPM_MEMORY 20-2] MEMORY_INIT_FILE (none), MEMORY_INIT_PARAM together specify no memory initialization. Initial memory contents will be all 0's. system_tb.PIC_inst.generate_engines[14].ENGINE_inst.xpm_memory_tdpram_inst.xpm_memory_base_inst.config_drc  0
Time: 1 ps  Iteration: 0  Process: /system_tb/PIC_inst/generate_engines[14].ENGINE_inst/xpm_memory_tdpram_inst/xpm_memory_base_inst/Initial270_20  File: /wrk/2018.1/nightly/2018_04_04_2188600/packages/customer/vivado/data/ip/xpm/xpm_memory/hdl/xpm_memory.sv
Info: [XPM_MEMORY 20-1] MEMORY_PRIMITIVE (0) instructs Vivado Synthesis to choose the memory primitive type. Depending on their values, other XPM_MEMORY parameters may preclude the choice of certain memory primitive types. Review XPM_MEMORY documentation and parameter values to understand any limitations, or set MEMORY_PRIMITIVE to a different value. system_tb.PIC_inst.generate_engines[15].ENGINE_inst.xpm_memory_tdpram_inst.xpm_memory_base_inst.config_drc
Time: 1 ps  Iteration: 0  Process: /system_tb/PIC_inst/generate_engines[15].ENGINE_inst/xpm_memory_tdpram_inst/xpm_memory_base_inst/Initial270_20  File: /wrk/2018.1/nightly/2018_04_04_2188600/packages/customer/vivado/data/ip/xpm/xpm_memory/hdl/xpm_memory.sv
Info: [XPM_MEMORY 20-2] MEMORY_INIT_FILE (none), MEMORY_INIT_PARAM together specify no memory initialization. Initial memory contents will be all 0's. system_tb.PIC_inst.generate_engines[15].ENGINE_inst.xpm_memory_tdpram_inst.xpm_memory_base_inst.config_drc  0
Time: 1 ps  Iteration: 0  Process: /system_tb/PIC_inst/generate_engines[15].ENGINE_inst/xpm_memory_tdpram_inst/xpm_memory_base_inst/Initial270_20  File: /wrk/2018.1/nightly/2018_04_04_2188600/packages/customer/vivado/data/ip/xpm/xpm_memory/hdl/xpm_memory.sv


Packet inspection unit test bench
Start write-then-read test
Write 00000801 on address 00000010 
Read 00000801 on address 00000010 
Test pass!


Engines number:    16
Max engine size:   256


Configure engine 0 with string 'where is Groot'
Configure engine 0 done
Configure engine 1 with string bytes 'ABCDABD'
Configure engine 1 done


Send DMA AXI Stream packets to the inspection unit
Inspection unit response: DROP packet      index:           0
Inspection unit response: DROP packet      index:           1
Inspection unit response: packet CLEAN     index:           2
Inspection unit response: packet CLEAN     index:           3
Inspection unit response: packet CLEAN     index:           4
Inspection unit response: packet CLEAN     index:           5
Inspection unit response: DROP packet      index:           6
Inspection unit response: packet CLEAN     index:           7
Inspection unit response: packet CLEAN     index:           8
Inspection unit response: packet CLEAN     index:           9
Inspection unit response: packet CLEAN     index:          10
Inspection unit response: packet CLEAN     index:          11
Inspection unit response: packet CLEAN     index:          12
Inspection unit response: packet CLEAN     index:          13
Inspection unit response: packet CLEAN     index:          14
Inspection unit response: packet CLEAN     index:          15
Inspection unit response: packet CLEAN     index:          16
Inspection unit response: DROP packet      index:          17
